{
  "RSpec": {
    "coverage": {
      "/Users/chrisdavidmerlino/Projects/lost-in-london/app/models/user.rb": {
        "lines": [
          1,
          null,
          null,
          1,
          null,
          null,
          1,
          null
        ]
      },
      "/Users/chrisdavidmerlino/Projects/lost-in-london/app/models/application_record.rb": {
        "lines": [
          1,
          1,
          null
        ]
      },
      "/Users/chrisdavidmerlino/Projects/lost-in-london/app/controllers/application_controller.rb": {
        "lines": [
          1,
          null,
          1,
          2,
          null,
          null,
          1,
          0,
          null,
          null
        ]
      },
      "/Users/chrisdavidmerlino/Projects/lost-in-london/app/helpers/application_helper.rb": {
        "lines": [
          1,
          null,
          1,
          1,
          null
        ]
      },
      "/Users/chrisdavidmerlino/Projects/lost-in-london/app/helpers/navigation_helper.rb": {
        "lines": [
          1,
          null,
          1,
          1,
          1,
          null,
          0,
          null,
          null,
          null
        ]
      },
      "/Users/chrisdavidmerlino/Projects/lost-in-london/app/controllers/posts_controller.rb": {
        "lines": [
          1,
          null,
          1,
          null,
          1,
          null,
          1,
          0,
          null,
          null,
          1,
          0,
          null,
          null,
          1,
          1,
          null,
          null,
          1,
          0,
          0,
          0,
          0,
          null,
          null,
          1,
          null,
          1,
          0,
          null,
          null,
          1,
          0,
          0,
          0,
          0,
          0,
          null,
          null,
          null,
          1,
          0,
          null,
          null,
          null,
          null,
          null,
          null,
          null
        ]
      },
      "/Users/chrisdavidmerlino/Projects/lost-in-london/app/services/posts_for_branch_service.rb": {
        "lines": [
          1,
          null,
          1,
          0,
          0,
          0,
          null,
          null,
          1,
          0,
          0,
          0,
          0,
          0,
          0,
          0,
          0,
          null,
          null,
          null
        ]
      },
      "/Users/chrisdavidmerlino/Projects/lost-in-london/app/helpers/posts_helper.rb": {
        "lines": [
          1,
          null,
          1,
          0,
          0,
          null,
          0,
          null,
          null,
          null,
          1,
          0,
          0,
          null,
          0,
          null,
          null,
          null,
          1,
          0,
          null,
          null,
          1,
          0,
          0,
          null,
          0,
          null,
          null,
          null,
          1,
          0,
          0,
          null,
          0,
          null,
          null,
          null,
          null
        ]
      },
      "/Users/chrisdavidmerlino/Projects/lost-in-london/app/models/category.rb": {
        "lines": [
          1,
          1,
          null
        ]
      },
      "/Users/chrisdavidmerlino/Projects/lost-in-london/app/mailers/application_mailer.rb": {
        "lines": [
          0,
          0,
          0,
          0
        ],
        "branches": {
        }
      },
      "/Users/chrisdavidmerlino/Projects/lost-in-london/app/models/post.rb": {
        "lines": [
          0,
          0,
          0,
          null,
          0,
          null,
          0,
          0,
          0,
          null,
          0,
          0,
          0,
          null,
          0,
          0,
          0,
          0
        ],
        "branches": {
        }
      },
      "/Users/chrisdavidmerlino/Projects/lost-in-london/app/jobs/application_job.rb": {
        "lines": [
          0,
          null,
          null,
          null,
          null,
          null,
          0
        ],
        "branches": {
        }
      },
      "/Users/chrisdavidmerlino/Projects/lost-in-london/app/controllers/categories_controller.rb": {
        "lines": [
          0,
          null,
          null,
          0
        ],
        "branches": {
        }
      },
      "/Users/chrisdavidmerlino/Projects/lost-in-london/app/controllers/pages_controller.rb": {
        "lines": [
          0,
          null,
          0,
          0,
          0,
          null,
          0
        ],
        "branches": {
        }
      },
      "/Users/chrisdavidmerlino/Projects/lost-in-london/app/controllers/registrations_controller.rb": {
        "lines": [
          0,
          null,
          0,
          null,
          0,
          0,
          0,
          0,
          0,
          0,
          null,
          0,
          0,
          0,
          0,
          0,
          0,
          0,
          null,
          0
        ],
        "branches": {
        }
      },
      "/Users/chrisdavidmerlino/Projects/lost-in-london/app/helpers/pages_helper.rb": {
        "lines": [
          0,
          0
        ],
        "branches": {
        }
      },
      "/Users/chrisdavidmerlino/Projects/lost-in-london/app/channels/application_cable/connection.rb": {
        "lines": [
          0,
          0,
          0,
          0
        ],
        "branches": {
        }
      },
      "/Users/chrisdavidmerlino/Projects/lost-in-london/app/channels/application_cable/channel.rb": {
        "lines": [
          0,
          0,
          0,
          0
        ],
        "branches": {
        }
      }
    },
    "timestamp": 1587402609
  }
}
